Using pre-set license

 COMMAND LINE ARGUMENTS:
/Applications/Unity/Unity.app/Contents/MacOS/Unity
-adb2
-batchMode
-noUpm
-name
AssetImportWorker0
-projectPath
/Users/jmargie22/Documents/GitHub/PointGetter
-logFile
Logs/AssetImportWorker0.log
-srvPort
52685
Successfully changed project path to: /Users/jmargie22/Documents/GitHub/PointGetter
/Users/jmargie22/Documents/GitHub/PointGetter
Using Asset Import Pipeline V2.
Refreshing native plugins compatible for Editor in 53.29 ms, found 3 plugins.
Preloading 0 native plugins for Editor in 0.00 ms.
Initialize engine version: 2020.3.13f1 (71691879b7f5)
[Subsystems] Discovering subsystems at path /Applications/Unity/Unity.app/Contents/Resources/UnitySubsystems
[Subsystems] Discovering subsystems at path /Users/jmargie22/Documents/GitHub/PointGetter/Assets
GfxDevice: creating device client; threaded=0
2021-07-07 12:36:04.925 Unity[32804:1855993] Color LCD preferred device: Intel(R) Iris(TM) Plus Graphics (low power)
2021-07-07 12:36:04.925 Unity[32804:1855993] Metal devices available: 1
2021-07-07 12:36:04.925 Unity[32804:1855993] 0: Intel(R) Iris(TM) Plus Graphics (low power)
2021-07-07 12:36:04.925 Unity[32804:1855993] Using device Intel(R) Iris(TM) Plus Graphics (low power)
Initializing Metal device caps: Intel(R) Iris(TM) Plus Graphics
Initialize mono
Mono path[0] = '/Applications/Unity/Unity.app/Contents/Managed'
Mono path[1] = '/Applications/Unity/Unity.app/Contents/MonoBleedingEdge/lib/mono/unityjit'
Mono config path = '/Applications/Unity/Unity.app/Contents/MonoBleedingEdge/etc'
Using monoOptions --debugger-agent=transport=dt_socket,embedding=1,server=y,suspend=n,address=127.0.0.1:56804
Begin MonoManager ReloadAssembly
Registering precompiled unity dll's ...
Register platform support module: /Applications/Unity/Unity.app/Contents/PlaybackEngines/MacStandaloneSupport/UnityEditor.OSXStandalone.Extensions.dll
Registered in 0.002724 seconds.
Native extension for OSXStandalone target not found
Refreshing native plugins compatible for Editor in 40.86 ms, found 3 plugins.
Preloading 0 native plugins for Editor in 0.00 ms.
Mono: successfully reloaded assembly
- Completed reload, in  4.578 seconds
Platform modules already initialized, skipping
Registering precompiled user dll's ...
Registered in 0.012298 seconds.
Begin MonoManager ReloadAssembly
Native extension for OSXStandalone target not found
Refreshing native plugins compatible for Editor in 41.70 ms, found 3 plugins.
Preloading 0 native plugins for Editor in 0.00 ms.
Mono: successfully reloaded assembly
- Completed reload, in  1.334 seconds
Platform modules already initialized, skipping
========================================================================
Worker process is ready to serve import requests
Launching external process: /Applications/Unity/Unity.app/Contents/Tools/UnityShaderCompiler
Launched and connected shader compiler UnityShaderCompiler after 0.03 seconds
Refreshing native plugins compatible for Editor in 0.66 ms, found 3 plugins.
Preloading 0 native plugins for Editor in 0.00 ms.
Unloading 2101 Unused Serialized files (Serialized files now loaded: 0)
System memory in use before: 169.7 MB.
System memory in use after: 169.8 MB.

Unloading 28 unused Assets to reduce memory usage. Loaded Objects now: 2540.
Total: 3.825807 ms (FindLiveObjects: 0.511736 ms CreateObjectMapping: 0.156059 ms MarkObjects: 3.033761 ms  DeleteObjects: 0.121807 ms)

AssetImportParameters requested are different than current active one (requested -> active):
  custom:video-decoder-ogg-theora: a1e56fd34408186e4bbccfd4996cb3dc -> 
  custom:container-muxer-webm: aa71ff27fc2769a1b78a27578f13a17b -> 
  custom:container-demuxer-webm: 4f35f7cbe854078d1ac9338744f61a02 -> 
  custom:container-demuxer-ogg: 62fdf1f143b41e24485cea50d1cbac27 -> 
  custom:video-encoder-webm-vp8: eb34c28f22e8b96e1ab97ce403110664 -> 
  custom:framework-osx-AVFoundation: b23960f63f64bdc6ff669e2cdcee2391 -> 
  custom:video-decoder-webm-vp8: 9c59270c3fd7afecdb556c50c9e8de78 -> 
  custom:audio-decoder-ogg-vorbis: bf7c407c2cedff20999df2af8eb42d56 -> 
  custom:audio-encoder-webm-vorbis: bf7c407c2cedff20999df2af8eb42d56 -> 
========================================================================
Received Import Request.
  path: Assets/TextMesh Pro/Resources/Fonts & Materials/LiberationSans SDF - Outline.mat
  artifactKey: Guid(79459efec17a4d00a321bdcc27bbc385) Importer(815301076,1909f56bfc062723c751e8b465ee728b)
Start importing Assets/TextMesh Pro/Resources/Fonts & Materials/LiberationSans SDF - Outline.mat using Guid(79459efec17a4d00a321bdcc27bbc385) Importer(815301076,1909f56bfc062723c751e8b465ee728b)  -> (artifact id: '289988fcecf3b00d1602f8d2b589f7dd') in 1.242530 seconds 
  Import took 1.248762 seconds .

========================================================================
Received Import Request.
  Time since last request: 0.000254 seconds.
  path: Packages/com.unity.2d.spriteshape/Editor/ObjectMenuCreation/DefaultAssets/Sprite Shapes/Open Sprite Shape.prefab
  artifactKey: Guid(86ae7de409eb54f619fb1328e4d42480) Importer(815301076,1909f56bfc062723c751e8b465ee728b)
Start importing Packages/com.unity.2d.spriteshape/Editor/ObjectMenuCreation/DefaultAssets/Sprite Shapes/Open Sprite Shape.prefab using Guid(86ae7de409eb54f619fb1328e4d42480) Importer(815301076,1909f56bfc062723c751e8b465ee728b)  -> (artifact id: 'bdee885e51b9ccf0fcef3a7dbe274ecc') in 0.201483 seconds 
  Import took 0.204737 seconds .

========================================================================
Received Import Request.
  Time since last request: 0.000236 seconds.
  path: Packages/com.unity.2d.spriteshape/Editor/ObjectMenuCreation/DefaultAssets/Sprite Shapes/Closed Sprite Shape.prefab
  artifactKey: Guid(c0583b4e855c74b8c82e7b9b5efb5ce9) Importer(815301076,1909f56bfc062723c751e8b465ee728b)
Start importing Packages/com.unity.2d.spriteshape/Editor/ObjectMenuCreation/DefaultAssets/Sprite Shapes/Closed Sprite Shape.prefab using Guid(c0583b4e855c74b8c82e7b9b5efb5ce9) Importer(815301076,1909f56bfc062723c751e8b465ee728b)  -> (artifact id: '2cce7a24742fd5e8a8ab2da20c69032f') in 0.006104 seconds 
  Import took 0.009813 seconds .

========================================================================
Received Import Request.
  Time since last request: 0.001129 seconds.
  path: Assets/TextMesh Pro/Resources/Fonts & Materials/LiberationSans SDF - Fallback.asset
  artifactKey: Guid(2e498d1c8094910479dc3e1b768306a4) Importer(815301076,1909f56bfc062723c751e8b465ee728b)
Start importing Assets/TextMesh Pro/Resources/Fonts & Materials/LiberationSans SDF - Fallback.asset using Guid(2e498d1c8094910479dc3e1b768306a4) Importer(815301076,1909f56bfc062723c751e8b465ee728b)  -> (artifact id: 'cce1ea6eabc4d092294fe11ead0b46db') in 0.248363 seconds 
  Import took 0.253854 seconds .

========================================================================
Received Import Request.
  Time since last request: 0.000311 seconds.
  path: Assets/TextMesh Pro/Fonts/LiberationSans.ttf
  artifactKey: Guid(e3265ab4bf004d28a9537516768c1c75) Importer(815301076,1909f56bfc062723c751e8b465ee728b)
Start importing Assets/TextMesh Pro/Fonts/LiberationSans.ttf using Guid(e3265ab4bf004d28a9537516768c1c75) Importer(815301076,1909f56bfc062723c751e8b465ee728b)  -> (artifact id: 'a31d09850e079c4c77073532874e4c7b') in 0.466600 seconds 
  Import took 0.469752 seconds .

========================================================================
Received Import Request.
  Time since last request: 0.000212 seconds.
  path: Assets/TextMesh Pro/Resources/Fonts & Materials/LiberationSans SDF - Drop Shadow.mat
  artifactKey: Guid(e73a58f6e2794ae7b1b7e50b7fb811b0) Importer(815301076,1909f56bfc062723c751e8b465ee728b)
Start importing Assets/TextMesh Pro/Resources/Fonts & Materials/LiberationSans SDF - Drop Shadow.mat using Guid(e73a58f6e2794ae7b1b7e50b7fb811b0) Importer(815301076,1909f56bfc062723c751e8b465ee728b)  -> (artifact id: 'ca0d2861f60500f05bd29199894f7bb5') in 0.154383 seconds 
  Import took 0.157334 seconds .

========================================================================
Received Import Request.
  Time since last request: 0.000254 seconds.
  path: Assets/TextMesh Pro/Resources/Fonts & Materials/LiberationSans SDF.asset
  artifactKey: Guid(8f586378b4e144a9851e7b34d9b748ee) Importer(815301076,1909f56bfc062723c751e8b465ee728b)
Start importing Assets/TextMesh Pro/Resources/Fonts & Materials/LiberationSans SDF.asset using Guid(8f586378b4e144a9851e7b34d9b748ee) Importer(815301076,1909f56bfc062723c751e8b465ee728b)  -> (artifact id: 'f1280cc7be10b532b2897fc8654f95d3') in 0.038609 seconds 
  Import took 0.043233 seconds .

========================================================================
Received Import Request.
  Time since last request: 2.501807 seconds.
  path: Assets/Sprite Images/button_down.png
  artifactKey: Guid(a17039ceeb3e14fed90a31c814e24450) Importer(815301076,1909f56bfc062723c751e8b465ee728b)
Start importing Assets/Sprite Images/button_down.png using Guid(a17039ceeb3e14fed90a31c814e24450) Importer(815301076,1909f56bfc062723c751e8b465ee728b)  -> (artifact id: '972019b7e7b077e8acf93a9b971990b1') in 0.562014 seconds 
  Import took 0.567148 seconds .

========================================================================
Received Import Request.
  Time since last request: 0.000261 seconds.
  path: Assets/Sprite Images/button_up.png
  artifactKey: Guid(ba5af2e6a2136474eb70111e329d2244) Importer(815301076,1909f56bfc062723c751e8b465ee728b)
Start importing Assets/Sprite Images/button_up.png using Guid(ba5af2e6a2136474eb70111e329d2244) Importer(815301076,1909f56bfc062723c751e8b465ee728b)  -> (artifact id: 'bedc5fc46f5f51e6c0c10c7d71ed5793') in 0.013845 seconds 
  Import took 0.018083 seconds .

========================================================================
Received Import Request.
  Time since last request: 0.001231 seconds.
  path: Assets/Sprite Images/point.png
  artifactKey: Guid(a4ff7757a880f4d2899219f5d7b00432) Importer(815301076,1909f56bfc062723c751e8b465ee728b)
Start importing Assets/Sprite Images/point.png using Guid(a4ff7757a880f4d2899219f5d7b00432) Importer(815301076,1909f56bfc062723c751e8b465ee728b)  -> (artifact id: 'b34f2db27c929cc5c35d8d2e347afc1c') in 0.016904 seconds 
  Import took 0.021828 seconds .

========================================================================
Received Import Request.
  Time since last request: 22.452016 seconds.
  path: Packages/com.unity.2d.spriteshape/Editor/ObjectMenuCreation/DefaultAssets/Sprite Shapes/SpriteShapeEdge.png
  artifactKey: Guid(0ae2b74b1edd14bb18dd7b65ae916a54) Importer(815301076,1909f56bfc062723c751e8b465ee728b)
Start importing Packages/com.unity.2d.spriteshape/Editor/ObjectMenuCreation/DefaultAssets/Sprite Shapes/SpriteShapeEdge.png using Guid(0ae2b74b1edd14bb18dd7b65ae916a54) Importer(815301076,1909f56bfc062723c751e8b465ee728b)  -> (artifact id: 'd0a0a6bac8b0ef1cbcd7454e1ebfdb51') in 0.026217 seconds 
  Import took 0.032304 seconds .

========================================================================
Received Import Request.
  Time since last request: 0.002387 seconds.
  path: Packages/com.unity.2d.spriteshape/Editor/ObjectMenuCreation/DefaultAssets/Sprite Shapes/SpriteShapeEdge.png
  artifactKey: Guid(0ae2b74b1edd14bb18dd7b65ae916a54) Importer(815301076,1909f56bfc062723c751e8b465ee728b)
Start importing Packages/com.unity.2d.spriteshape/Editor/ObjectMenuCreation/DefaultAssets/Sprite Shapes/SpriteShapeEdge.png using Guid(0ae2b74b1edd14bb18dd7b65ae916a54) Importer(815301076,1909f56bfc062723c751e8b465ee728b)  -> (artifact id: 'd0a0a6bac8b0ef1cbcd7454e1ebfdb51') in 0.016125 seconds 
  Import took 0.022324 seconds .

========================================================================
Received Import Request.
  Time since last request: 298.294314 seconds.
  path: Assets/Sprite Images/critbut_down.png
  artifactKey: Guid(4a7b8f400d84248d181896b15e868d1c) Importer(815301076,1909f56bfc062723c751e8b465ee728b)
Start importing Assets/Sprite Images/critbut_down.png using Guid(4a7b8f400d84248d181896b15e868d1c) Importer(815301076,1909f56bfc062723c751e8b465ee728b)  -> (artifact id: '3f935d2eb3b073565b9d85aff611df7d') in 0.028269 seconds 
  Import took 0.032486 seconds .

========================================================================
Received Import Request.
  Time since last request: 0.000273 seconds.
  path: Assets/Sprite Images/critbutt_up.png
  artifactKey: Guid(ed4fc3f2017d84d52a771aa268310144) Importer(815301076,1909f56bfc062723c751e8b465ee728b)
Start importing Assets/Sprite Images/critbutt_up.png using Guid(ed4fc3f2017d84d52a771aa268310144) Importer(815301076,1909f56bfc062723c751e8b465ee728b)  -> (artifact id: '1708bba53151ea194cae4ae42f38eed7') in 0.019070 seconds 
  Import took 0.023493 seconds .

========================================================================
Received Import Request.
  Time since last request: 572.585793 seconds.
  path: Assets/Sprite Images/critbut_down.png
  artifactKey: Guid(4a7b8f400d84248d181896b15e868d1c) Importer(815301076,1909f56bfc062723c751e8b465ee728b)
Start importing Assets/Sprite Images/critbut_down.png using Guid(4a7b8f400d84248d181896b15e868d1c) Importer(815301076,1909f56bfc062723c751e8b465ee728b)  -> (artifact id: 'e217fba8a070cf438fa6e3b0cd7a2505') in 0.120054 seconds 
  Import took 0.304503 seconds .

========================================================================
Received Import Request.
  Time since last request: 0.000404 seconds.
  path: Assets/Sprite Images/critbutt_up.png
  artifactKey: Guid(ed4fc3f2017d84d52a771aa268310144) Importer(815301076,1909f56bfc062723c751e8b465ee728b)
Start importing Assets/Sprite Images/critbutt_up.png using Guid(ed4fc3f2017d84d52a771aa268310144) Importer(815301076,1909f56bfc062723c751e8b465ee728b)  -> (artifact id: '606a71faf9a2a9da74165958e5c6020a') in 0.019005 seconds 
  Import took 0.026883 seconds .

========================================================================
Received Import Request.
  Time since last request: 22.708048 seconds.
  path: Assets/Sprite Images/critbutt_down.png
  artifactKey: Guid(4a7b8f400d84248d181896b15e868d1c) Importer(815301076,1909f56bfc062723c751e8b465ee728b)
Start importing Assets/Sprite Images/critbutt_down.png using Guid(4a7b8f400d84248d181896b15e868d1c) Importer(815301076,1909f56bfc062723c751e8b465ee728b)  -> (artifact id: '94461c051c4e0055b0a159404228cbb1') in 0.014699 seconds 
  Import took 0.021278 seconds .

========================================================================
Received Import Request.
  Time since last request: 2719.450920 seconds.
  path: Assets/Scripts/scr_button.cs
  artifactKey: Guid(416ad6d24bee14bc897293e845d8c9e2) Importer(815301076,1909f56bfc062723c751e8b465ee728b)
Start importing Assets/Scripts/scr_button.cs using Guid(416ad6d24bee14bc897293e845d8c9e2) Importer(815301076,1909f56bfc062723c751e8b465ee728b)  -> (artifact id: '0cc3198e13f309a30c148c6e32cc0f4c') in 0.570208 seconds 
  Import took 0.617349 seconds .

